<?xml version="1.0" encoding="UTF-8"?>
<!-- Generated by org.testng.reporters.JUnitReportReporter -->
<testsuite hostname="Saaneel" failures="0" tests="1" name="Academy.validateTitle" time="0.079" errors="0" timestamp="24 Oct 2018 00:21:49 GMT">
  <testcase classname="Academy.validateTitle" name="basePageNavigation" time="0.079"/>
</testsuite> <!-- Academy.validateTitle -->
