<?xml version="1.0" encoding="UTF-8"?>
<!-- Generated by org.testng.reporters.JUnitReportReporter -->
<testsuite hostname="Saaneel" failures="0" tests="1" name="Academy.validateNavigationBar" time="0.033" errors="0" timestamp="24 Oct 2018 00:21:49 GMT">
  <testcase classname="Academy.validateNavigationBar" name="basePageNavigation" time="0.033"/>
</testsuite> <!-- Academy.validateNavigationBar -->
