<?xml version="1.0" encoding="UTF-8"?>
<!-- Generated by org.testng.reporters.JUnitReportReporter -->
<testsuite hostname="Saaneel" failures="0" tests="1" name="Academy.validateNavigationBar" time="0.041" errors="0" timestamp="25 Oct 2018 00:49:13 GMT">
  <testcase classname="Academy.validateNavigationBar" name="basePageNavigation" time="0.041"/>
</testsuite> <!-- Academy.validateNavigationBar -->
