<?xml version="1.0" encoding="UTF-8"?>
<!-- Generated by org.testng.reporters.JUnitReportReporter -->
<testsuite hostname="Saaneel" failures="0" tests="2" name="Academy.HomePage" time="32.827" errors="0" timestamp="25 Oct 2018 00:49:13 GMT">
  <testcase classname="Academy.HomePage" name="basePageNavigation" time="22.158"/>
  <testcase classname="Academy.HomePage" name="basePageNavigation" time="10.669"/>
</testsuite> <!-- Academy.HomePage -->
